<?xml version="1.0" encoding="UTF-8"?>
<testsuite xmlns:xsi="http://www.w3.org/2001/XMLSchema-instance" xsi:noNamespaceSchemaLocation="https://maven.apache.org/surefire/maven-surefire-plugin/xsd/surefire-test-report.xsd" name="ch.bbw.consolecalculator.CalculatorTest" time="0.01" tests="21" errors="0" skipped="0" failures="1">
  <properties>
    <property name="sun.desktop" value="windows"/>
    <property name="awt.toolkit" value="sun.awt.windows.WToolkit"/>
    <property name="java.specification.version" value="10"/>
    <property name="file.encoding.pkg" value="sun.io"/>
    <property name="sun.cpu.isalist" value="amd64"/>
    <property name="sun.jnu.encoding" value="Cp1252"/>
    <property name="java.class.path" value="F:\BBW\Tools\EcpToolsPhoton\EcpTools\Workspace\ConsoleCalculatorWithMaven\target\test-classes;F:\BBW\Tools\EcpToolsPhoton\EcpTools\Workspace\ConsoleCalculatorWithMaven\target\classes;C:\Users\Timo\.m2\repository\junit\junit\4.11\junit-4.11.jar;C:\Users\Timo\.m2\repository\org\hamcrest\hamcrest-core\1.3\hamcrest-core-1.3.jar;"/>
    <property name="java.vm.vendor" value="&quot;Oracle Corporation&quot;"/>
    <property name="sun.arch.data.model" value="64"/>
    <property name="user.variant" value=""/>
    <property name="java.vendor.url" value="http://java.oracle.com/"/>
    <property name="user.timezone" value="Europe/Berlin"/>
    <property name="java.vm.specification.version" value="10"/>
    <property name="os.name" value="Windows 10"/>
    <property name="sun.java.launcher" value="SUN_STANDARD"/>
    <property name="user.country" value="CH"/>
    <property name="sun.boot.library.path" value="U:\jdk-10.0.2\bin"/>
    <property name="sun.java.command" value="C:\Users\Timo\AppData\Local\Temp\surefire10294086284998960036\surefirebooter9083821106947741177.jar C:\Users\Timo\AppData\Local\Temp\surefire10294086284998960036 2020-01-19T23-13-57_117-jvmRun1 surefire9657238497043574448tmp surefire_017054534707743518382tmp"/>
    <property name="jdk.debug" value="release"/>
    <property name="surefire.test.class.path" value="F:\BBW\Tools\EcpToolsPhoton\EcpTools\Workspace\ConsoleCalculatorWithMaven\target\test-classes;F:\BBW\Tools\EcpToolsPhoton\EcpTools\Workspace\ConsoleCalculatorWithMaven\target\classes;C:\Users\Timo\.m2\repository\junit\junit\4.11\junit-4.11.jar;C:\Users\Timo\.m2\repository\org\hamcrest\hamcrest-core\1.3\hamcrest-core-1.3.jar;"/>
    <property name="sun.cpu.endian" value="little"/>
    <property name="user.home" value="C:\Users\Timo"/>
    <property name="user.language" value="de"/>
    <property name="java.specification.vendor" value="Oracle Corporation"/>
    <property name="java.version.date" value="2018-07-17"/>
    <property name="java.home" value="U:\jdk-10.0.2"/>
    <property name="file.separator" value="\"/>
    <property name="basedir" value="F:\BBW\Tools\EcpToolsPhoton\EcpTools\Workspace\ConsoleCalculatorWithMaven"/>
    <property name="java.vm.compressedOopsMode" value="32-bit"/>
    <property name="line.separator" value="&#10;"/>
    <property name="java.specification.name" value="Java Platform API Specification"/>
    <property name="java.vm.specification.vendor" value="Oracle Corporation"/>
    <property name="java.awt.graphicsenv" value="sun.awt.Win32GraphicsEnvironment"/>
    <property name="surefire.real.class.path" value="C:\Users\Timo\AppData\Local\Temp\surefire10294086284998960036\surefirebooter9083821106947741177.jar"/>
    <property name="user.script" value=""/>
    <property name="sun.management.compiler" value="HotSpot 64-Bit Tiered Compilers"/>
    <property name="java.runtime.version" value="10.0.2+13"/>
    <property name="user.name" value="Timo"/>
    <property name="path.separator" value=";"/>
    <property name="os.version" value="10.0"/>
    <property name="java.runtime.name" value="Java(TM) SE Runtime Environment"/>
    <property name="file.encoding" value="Cp1252"/>
    <property name="java.vm.name" value="Java HotSpot(TM) 64-Bit Server VM"/>
    <property name="java.vendor.version" value="18.3"/>
    <property name="localRepository" value="C:\Users\Timo\.m2\repository"/>
    <property name="java.vendor.url.bug" value="http://bugreport.java.com/bugreport/"/>
    <property name="java.io.tmpdir" value="C:\Users\Timo\AppData\Local\Temp\"/>
    <property name="java.version" value="10.0.2"/>
    <property name="user.dir" value="F:\BBW\Tools\EcpToolsPhoton\EcpTools\Workspace\ConsoleCalculatorWithMaven"/>
    <property name="os.arch" value="amd64"/>
    <property name="java.vm.specification.name" value="Java Virtual Machine Specification"/>
    <property name="java.awt.printerjob" value="sun.awt.windows.WPrinterJob"/>
    <property name="sun.os.patch.level" value=""/>
    <property name="java.library.path" value="U:\jdk-10.0.2\bin;C:\WINDOWS\Sun\Java\bin;C:\WINDOWS\system32;C:\WINDOWS;F:/BBW/Tools/EcpToolsPhoton/EcpTools/eclipse/jre/bin/server;F:/BBW/Tools/EcpToolsPhoton/EcpTools/eclipse/jre/bin;F:/BBW/Tools/EcpToolsPhoton/EcpTools/eclipse/jre/lib/amd64;U:\ECP_Tools\EcpTools\jdk-10.0.2\bin;C:\Program Files (x86)\Common Files\Oracle\Java\javapath;C:\Program Files (x86)\Intel\iCLS Client\;C:\Program Files\Intel\iCLS Client\;C:\WINDOWS\system32;C:\WINDOWS;C:\WINDOWS\System32\Wbem;C:\WINDOWS\System32\WindowsPowerShell\v1.0\;C:\Program Files (x86)\Intel\Intel(R) Management Engine Components\DAL;C:\Program Files\Intel\Intel(R) Management Engine Components\DAL;C:\Program Files (x86)\Intel\Intel(R) Management Engine Components\IPT;C:\Program Files\Intel\Intel(R) Management Engine Components\IPT;C:\WINDOWS\System32\OpenSSH\;C:\Program Files\Git\cmd;C:\WINDOWS\SysWow64;C:\Program Files (x86)\Windows Live\Shared;C:\Users\Timo\AppData\Local\Microsoft\WindowsApps;;F:\BBW\Tools\EcpToolsPhoton\EcpTools;;."/>
    <property name="java.vendor" value="Oracle Corporation"/>
    <property name="java.vm.info" value="mixed mode"/>
    <property name="java.vm.version" value="10.0.2+13"/>
    <property name="sun.io.unicode.encoding" value="UnicodeLittle"/>
    <property name="java.class.version" value="54.0"/>
  </properties>
  <testcase name="testMalPiEinePositiveOk" classname="ch.bbw.consolecalculator.CalculatorTest" time="0"/>
  <testcase name="testSubtraktionPositiveUndNegativeLessThanZero" classname="ch.bbw.consolecalculator.CalculatorTest" time="0"/>
  <testcase name="testSummeMaxValueUndNegativeIsOk" classname="ch.bbw.consolecalculator.CalculatorTest" time="0"/>
  <testcase name="testWurzelEinePositiveOk" classname="ch.bbw.consolecalculator.CalculatorTest" time="0"/>
  <testcase name="testSummeZweiPositiveIsOk" classname="ch.bbw.consolecalculator.CalculatorTest" time="0"/>
  <testcase name="testSummeEinePositiveUndEineNegativeIsOk" classname="ch.bbw.consolecalculator.CalculatorTest" time="0"/>
  <testcase name="testSummeZweiNegativeIsOk" classname="ch.bbw.consolecalculator.CalculatorTest" time="0"/>
  <testcase name="testSubtraktionZweiNegativeLessThanZero" classname="ch.bbw.consolecalculator.CalculatorTest" time="0"/>
  <testcase name="testQuadratEinePositiveOk" classname="ch.bbw.consolecalculator.CalculatorTest" time="0"/>
  <testcase name="testSubtraktionZweiPositiveGreaterThanZero" classname="ch.bbw.consolecalculator.CalculatorTest" time="0"/>
  <testcase name="testSubtraktionEinePositiveUndEineNegativeIsOk" classname="ch.bbw.consolecalculator.CalculatorTest" time="0"/>
  <testcase name="testSubtraktionMinValueUndNegativeIsOk" classname="ch.bbw.consolecalculator.CalculatorTest" time="0"/>
  <testcase name="testDivisionDividedByZeroIsNOk" classname="ch.bbw.consolecalculator.CalculatorTest" time="0.001">
    <failure message="Expected exception: java.lang.ArithmeticException" type="java.lang.AssertionError">java.lang.AssertionError: Expected exception: java.lang.ArithmeticException
</failure>
  </testcase>
  <testcase name="testSubtraktionZweiPositiveIsOk" classname="ch.bbw.consolecalculator.CalculatorTest" time="0.001"/>
  <testcase name="testSubtraktionZweiNegativeIsOk" classname="ch.bbw.consolecalculator.CalculatorTest" time="0"/>
  <testcase name="testSubtraktionZweiNegativeGreaterThanZero" classname="ch.bbw.consolecalculator.CalculatorTest" time="0"/>
  <testcase name="testSummeMinValueUndPositiveIsOk" classname="ch.bbw.consolecalculator.CalculatorTest" time="0"/>
  <testcase name="testSubtraktionPositiveUndZeroIsOk" classname="ch.bbw.consolecalculator.CalculatorTest" time="0"/>
  <testcase name="testSubtraktionZweiPositiveLessThanZero" classname="ch.bbw.consolecalculator.CalculatorTest" time="0"/>
  <testcase name="testDivisionZweiPositiveIsOk" classname="ch.bbw.consolecalculator.CalculatorTest" time="0"/>
  <testcase name="testSubtraktionPositiveUndNegativeGreaterThanZero" classname="ch.bbw.consolecalculator.CalculatorTest" time="0"/>
</testsuite>